{"meta": {"format": 3, "version": "7.11.3", "timestamp": "2025-12-25T09:01:20.579383", "branch_coverage": false, "show_contexts": false}, "files": {"src/core/__init__.py": {"executed_lines": [1, 22, 24, 26], "summary": {"covered_lines": 3, "num_statements": 3, "percent_covered": 100.0, "percent_covered_display": "100", "missing_lines": 0, "excluded_lines": 0}, "missing_lines": [], "excluded_lines": [], "functions": {"": {"executed_lines": [1, 22, 24, 26], "summary": {"covered_lines": 3, "num_statements": 3, "percent_covered": 100.0, "percent_covered_display": "100", "missing_lines": 0, "excluded_lines": 0}, "missing_lines": [], "excluded_lines": []}}, "classes": {"": {"executed_lines": [1, 22, 24, 26], "summary": {"covered_lines": 3, "num_statements": 3, "percent_covered": 100.0, "percent_covered_display": "100", "missing_lines": 0, "excluded_lines": 0}, "missing_lines": [], "excluded_lines": []}}}, "src/core/auth/__init__.py": {"executed_lines": [1, 23, 24, 33, 41], "summary": {"covered_lines": 4, "num_statements": 4, "percent_covered": 100.0, "percent_covered_display": "100", "missing_lines": 0, "excluded_lines": 0}, "missing_lines": [], "excluded_lines": [], "functions": {"": {"executed_lines": [1, 23, 24, 33, 41], "summary": {"covered_lines": 4, "num_statements": 4, "percent_covered": 100.0, "percent_covered_display": "100", "missing_lines": 0, "excluded_lines": 0}, "missing_lines": [], "excluded_lines": []}}, "classes": {"": {"executed_lines": [1, 23, 24, 33, 41], "summary": {"covered_lines": 4, "num_statements": 4, "percent_covered": 100.0, "percent_covered_display": "100", "missing_lines": 0, "excluded_lines": 0}, "missing_lines": [], "excluded_lines": []}}}, "src/core/auth/credentials.py": {"executed_lines": [1, 37, 38, 39, 40, 41, 42, 44, 47, 48, 55, 57, 58, 59, 60, 61, 64, 68, 69, 72, 73, 79, 82, 83, 107, 135, 136, 139, 140, 141, 142, 143, 144, 145, 148, 149, 151, 163, 164, 165, 166, 167, 168, 171, 172, 174, 175, 182, 183, 184, 186, 187, 195, 196, 197, 198, 199, 200, 201, 202, 203, 204, 207, 218, 219, 221, 222, 228, 229, 230, 234, 239, 244, 247, 248, 253, 258, 261, 262, 263, 264, 271, 288, 289, 293, 294, 295, 300, 301, 308, 309, 315, 316, 317, 319, 321, 322, 326, 329, 330, 331, 335, 338, 339, 345, 347, 351, 353, 366, 367, 368, 373, 374, 375, 376, 379, 380, 382, 383, 384, 385, 391, 393, 394, 397, 398, 410, 411, 412, 417, 421, 423, 424, 434, 435, 436, 437, 442, 443, 444, 445, 447, 456, 481, 482, 483, 484, 485, 492, 493, 494, 495, 496, 499, 500, 501, 502, 505, 506, 509, 512, 513, 515, 516, 520, 522, 523, 529, 542, 544, 559, 560, 567, 568, 569, 570, 571, 574, 576, 594, 596, 603, 604, 609, 616, 625, 626, 627, 629, 633, 636, 646, 647, 648, 651, 666, 676], "summary": {"covered_lines": 194, "num_statements": 206, "percent_covered": 94.1747572815534, "percent_covered_display": "94", "missing_lines": 12, "excluded_lines": 0}, "missing_lines": [53, 54, 205, 266, 302, 303, 404, 438, 439, 454, 663, 673], "excluded_lines": [], "functions": {"AzureCredentialProvider.__init__": {"executed_lines": [135, 136, 139, 140, 141, 142, 143, 144, 145, 148, 149], "summary": {"covered_lines": 11, "num_statements": 11, "percent_covered": 100.0, "percent_covered_display": "100", "missing_lines": 0, "excluded_lines": 0}, "missing_lines": [], "excluded_lines": []}, "AzureCredentialProvider._load_config_from_env": {"executed_lines": [163, 164, 165, 166, 167, 168, 171, 172], "summary": {"covered_lines": 8, "num_statements": 8, "percent_covered": 100.0, "percent_covered_display": "100", "missing_lines": 0, "excluded_lines": 0}, "missing_lines": [], "excluded_lines": []}, "AzureCredentialProvider.has_spn_credentials": {"executed_lines": [182, 183, 184], "summary": {"covered_lines": 3, "num_statements": 3, "percent_covered": 100.0, "percent_covered_display": "100", "missing_lines": 0, "excluded_lines": 0}, "missing_lines": [], "excluded_lines": []}, "AzureCredentialProvider.auth_mode": {"executed_lines": [195, 196, 197, 198, 199, 200, 201, 202, 203, 204], "summary": {"covered_lines": 10, "num_statements": 11, "percent_covered": 90.9090909090909, "percent_covered_display": "91", "missing_lines": 1, "excluded_lines": 0}, "missing_lines": [205], "excluded_lines": []}, "AzureCredentialProvider._get_azure_credential": {"executed_lines": [218, 219, 221, 222, 228, 229, 230, 234, 239, 244, 247, 248, 253, 258, 261, 262, 263, 264], "summary": {"covered_lines": 18, "num_statements": 19, "percent_covered": 94.73684210526316, "percent_covered_display": "95", "missing_lines": 1, "excluded_lines": 0}, "missing_lines": [266], "excluded_lines": []}, "AzureCredentialProvider._read_token_file": {"executed_lines": [288, 289, 293, 294, 295, 300, 301, 308, 309, 315, 316, 317, 319, 321, 322, 326, 329, 330, 331, 335, 338, 339, 345, 347, 351], "summary": {"covered_lines": 25, "num_statements": 27, "percent_covered": 92.5925925925926, "percent_covered_display": "93", "missing_lines": 2, "excluded_lines": 0}, "missing_lines": [302, 303], "excluded_lines": []}, "AzureCredentialProvider._fetch_cli_token": {"executed_lines": [366, 367, 368, 373, 374, 375, 376, 379, 380, 382, 383, 384, 385, 391, 393, 394, 397, 398, 410, 411, 412, 417, 421, 423, 424, 434, 435, 436, 437, 442, 443, 444, 445, 447], "summary": {"covered_lines": 34, "num_statements": 38, "percent_covered": 89.47368421052632, "percent_covered_display": "89", "missing_lines": 4, "excluded_lines": 0}, "missing_lines": [404, 438, 439, 454], "excluded_lines": []}, "AzureCredentialProvider.get_token_for_resource": {"executed_lines": [481, 482, 483, 484, 485, 492, 493, 494, 495, 496, 499, 500, 501, 502, 505, 506, 509, 512, 513, 515, 516, 520, 522, 523], "summary": {"covered_lines": 24, "num_statements": 24, "percent_covered": 100.0, "percent_covered_display": "100", "missing_lines": 0, "excluded_lines": 0}, "missing_lines": [], "excluded_lines": []}, "AzureCredentialProvider.get_storage_token": {"executed_lines": [542], "summary": {"covered_lines": 1, "num_statements": 1, "percent_covered": 100.0, "percent_covered_display": "100", "missing_lines": 0, "excluded_lines": 0}, "missing_lines": [], "excluded_lines": []}, "AzureCredentialProvider.get_storage_options": {"executed_lines": [559, 560, 567, 568, 569, 570, 571, 574], "summary": {"covered_lines": 8, "num_statements": 8, "percent_covered": 100.0, "percent_covered_display": "100", "missing_lines": 0, "excluded_lines": 0}, "missing_lines": [], "excluded_lines": []}, "AzureCredentialProvider.get_kusto_token": {"executed_lines": [594], "summary": {"covered_lines": 1, "num_statements": 1, "percent_covered": 100.0, "percent_covered_display": "100", "missing_lines": 0, "excluded_lines": 0}, "missing_lines": [], "excluded_lines": []}, "AzureCredentialProvider.clear_cache": {"executed_lines": [603, 604], "summary": {"covered_lines": 2, "num_statements": 2, "percent_covered": 100.0, "percent_covered_display": "100", "missing_lines": 0, "excluded_lines": 0}, "missing_lines": [], "excluded_lines": []}, "AzureCredentialProvider.get_diagnostics": {"executed_lines": [616, 625, 626, 627, 629], "summary": {"covered_lines": 5, "num_statements": 5, "percent_covered": 100.0, "percent_covered_display": "100", "missing_lines": 0, "excluded_lines": 0}, "missing_lines": [], "excluded_lines": []}, "get_default_provider": {"executed_lines": [646, 647, 648], "summary": {"covered_lines": 3, "num_statements": 3, "percent_covered": 100.0, "percent_covered_display": "100", "missing_lines": 0, "excluded_lines": 0}, "missing_lines": [], "excluded_lines": []}, "get_storage_options": {"executed_lines": [], "summary": {"covered_lines": 0, "num_statements": 1, "percent_covered": 0.0, "percent_covered_display": "0", "missing_lines": 1, "excluded_lines": 0}, "missing_lines": [663], "excluded_lines": []}, "clear_token_cache": {"executed_lines": [], "summary": {"covered_lines": 0, "num_statements": 1, "percent_covered": 0.0, "percent_covered_display": "0", "missing_lines": 1, "excluded_lines": 0}, "missing_lines": [673], "excluded_lines": []}, "": {"executed_lines": [1, 37, 38, 39, 40, 41, 42, 44, 47, 48, 55, 57, 58, 59, 60, 61, 64, 68, 69, 72, 73, 79, 82, 83, 107, 151, 174, 175, 186, 187, 207, 271, 353, 456, 529, 544, 576, 596, 609, 633, 636, 651, 666, 676], "summary": {"covered_lines": 41, "num_statements": 43, "percent_covered": 95.34883720930233, "percent_covered_display": "95", "missing_lines": 2, "excluded_lines": 0}, "missing_lines": [53, 54], "excluded_lines": []}}, "classes": {"AzureAuthError": {"executed_lines": [], "summary": {"covered_lines": 0, "num_statements": 0, "percent_covered": 100.0, "percent_covered_display": "100", "missing_lines": 0, "excluded_lines": 0}, "missing_lines": [], "excluded_lines": []}, "AzureCredentialProvider": {"executed_lines": [135, 136, 139, 140, 141, 142, 143, 144, 145, 148, 149, 163, 164, 165, 166, 167, 168, 171, 172, 182, 183, 184, 195, 196, 197, 198, 199, 200, 201, 202, 203, 204, 218, 219, 221, 222, 228, 229, 230, 234, 239, 244, 247, 248, 253, 258, 261, 262, 263, 264, 288, 289, 293, 294, 295, 300, 301, 308, 309, 315, 316, 317, 319, 321, 322, 326, 329, 330, 331, 335, 338, 339, 345, 347, 351, 366, 367, 368, 373, 374, 375, 376, 379, 380, 382, 383, 384, 385, 391, 393, 394, 397, 398, 410, 411, 412, 417, 421, 423, 424, 434, 435, 436, 437, 442, 443, 444, 445, 447, 481, 482, 483, 484, 485, 492, 493, 494, 495, 496, 499, 500, 501, 502, 505, 506, 509, 512, 513, 515, 516, 520, 522, 523, 542, 559, 560, 567, 568, 569, 570, 571, 574, 594, 603, 604, 616, 625, 626, 627, 629], "summary": {"covered_lines": 150, "num_statements": 158, "percent_covered": 94.9367088607595, "percent_covered_display": "95", "missing_lines": 8, "excluded_lines": 0}, "missing_lines": [205, 266, 302, 303, 404, 438, 439, 454], "excluded_lines": []}, "": {"executed_lines": [1, 37, 38, 39, 40, 41, 42, 44, 47, 48, 55, 57, 58, 59, 60, 61, 64, 68, 69, 72, 73, 79, 82, 83, 107, 151, 174, 175, 186, 187, 207, 271, 353, 456, 529, 544, 576, 596, 609, 633, 636, 646, 647, 648, 651, 666, 676], "summary": {"covered_lines": 44, "num_statements": 48, "percent_covered": 91.66666666666667, "percent_covered_display": "92", "missing_lines": 4, "excluded_lines": 0}, "missing_lines": [53, 54, 663, 673], "excluded_lines": []}}}, "src/core/auth/kafka_oauth.py": {"executed_lines": [1, 36, 37, 39, 42, 46, 47, 50, 51, 57, 60, 96, 98, 99, 104, 109, 122, 123, 125, 133, 135, 136, 144, 149, 150, 155, 159, 162, 187, 188, 190, 191, 192, 193, 198], "summary": {"covered_lines": 33, "num_statements": 33, "percent_covered": 100.0, "percent_covered_display": "100", "missing_lines": 0, "excluded_lines": 0}, "missing_lines": [], "excluded_lines": [], "functions": {"create_kafka_oauth_callback": {"executed_lines": [96, 98, 99, 104, 109, 159], "summary": {"covered_lines": 6, "num_statements": 6, "percent_covered": 100.0, "percent_covered_display": "100", "missing_lines": 0, "excluded_lines": 0}, "missing_lines": [], "excluded_lines": []}, "create_kafka_oauth_callback.oauth_callback": {"executed_lines": [122, 123, 125, 133, 135, 136, 144, 149, 150, 155], "summary": {"covered_lines": 10, "num_statements": 10, "percent_covered": 100.0, "percent_covered_display": "100", "missing_lines": 0, "excluded_lines": 0}, "missing_lines": [], "excluded_lines": []}, "get_kafka_oauth_token": {"executed_lines": [187, 188, 190, 191, 192, 193], "summary": {"covered_lines": 6, "num_statements": 6, "percent_covered": 100.0, "percent_covered_display": "100", "missing_lines": 0, "excluded_lines": 0}, "missing_lines": [], "excluded_lines": []}, "": {"executed_lines": [1, 36, 37, 39, 42, 46, 47, 50, 51, 57, 60, 162, 198], "summary": {"covered_lines": 11, "num_statements": 11, "percent_covered": 100.0, "percent_covered_display": "100", "missing_lines": 0, "excluded_lines": 0}, "missing_lines": [], "excluded_lines": []}}, "classes": {"KafkaOAuthError": {"executed_lines": [], "summary": {"covered_lines": 0, "num_statements": 0, "percent_covered": 100.0, "percent_covered_display": "100", "missing_lines": 0, "excluded_lines": 0}, "missing_lines": [], "excluded_lines": []}, "": {"executed_lines": [1, 36, 37, 39, 42, 46, 47, 50, 51, 57, 60, 96, 98, 99, 104, 109, 122, 123, 125, 133, 135, 136, 144, 149, 150, 155, 159, 162, 187, 188, 190, 191, 192, 193, 198], "summary": {"covered_lines": 33, "num_statements": 33, "percent_covered": 100.0, "percent_covered_display": "100", "missing_lines": 0, "excluded_lines": 0}, "missing_lines": [], "excluded_lines": []}}}, "src/core/auth/token_cache.py": {"executed_lines": [1, 28, 29, 30, 31, 35, 36, 39, 40, 41, 49, 50, 52, 70, 71, 74, 75, 106, 108, 109, 111, 127, 128, 129, 130, 131, 133, 146, 147, 151, 167, 168, 169, 171, 173, 190, 191, 192, 193, 194, 197], "summary": {"covered_lines": 38, "num_statements": 38, "percent_covered": 100.0, "percent_covered_display": "100", "missing_lines": 0, "excluded_lines": 1}, "missing_lines": [], "excluded_lines": [1], "functions": {"CachedToken.is_valid": {"executed_lines": [70, 71], "summary": {"covered_lines": 2, "num_statements": 2, "percent_covered": 100.0, "percent_covered_display": "100", "missing_lines": 0, "excluded_lines": 0}, "missing_lines": [], "excluded_lines": []}, "TokenCache.__init__": {"executed_lines": [108, 109], "summary": {"covered_lines": 2, "num_statements": 2, "percent_covered": 100.0, "percent_covered_display": "100", "missing_lines": 0, "excluded_lines": 0}, "missing_lines": [], "excluded_lines": []}, "TokenCache.get": {"executed_lines": [127, 128, 129, 130, 131], "summary": {"covered_lines": 5, "num_statements": 5, "percent_covered": 100.0, "percent_covered_display": "100", "missing_lines": 0, "excluded_lines": 0}, "missing_lines": [], "excluded_lines": []}, "TokenCache.set": {"executed_lines": [146, 147], "summary": {"covered_lines": 2, "num_statements": 2, "percent_covered": 100.0, "percent_covered_display": "100", "missing_lines": 0, "excluded_lines": 0}, "missing_lines": [], "excluded_lines": []}, "TokenCache.clear": {"executed_lines": [167, 168, 169, 171], "summary": {"covered_lines": 4, "num_statements": 4, "percent_covered": 100.0, "percent_covered_display": "100", "missing_lines": 0, "excluded_lines": 0}, "missing_lines": [], "excluded_lines": []}, "TokenCache.get_age": {"executed_lines": [190, 191, 192, 193, 194], "summary": {"covered_lines": 5, "num_statements": 5, "percent_covered": 100.0, "percent_covered_display": "100", "missing_lines": 0, "excluded_lines": 0}, "missing_lines": [], "excluded_lines": []}, "": {"executed_lines": [1, 28, 29, 30, 31, 35, 36, 39, 40, 41, 49, 50, 52, 74, 75, 106, 111, 133, 151, 173, 197], "summary": {"covered_lines": 18, "num_statements": 18, "percent_covered": 100.0, "percent_covered_display": "100", "missing_lines": 0, "excluded_lines": 1}, "missing_lines": [], "excluded_lines": [1]}}, "classes": {"CachedToken": {"executed_lines": [70, 71], "summary": {"covered_lines": 2, "num_statements": 2, "percent_covered": 100.0, "percent_covered_display": "100", "missing_lines": 0, "excluded_lines": 0}, "missing_lines": [], "excluded_lines": []}, "TokenCache": {"executed_lines": [108, 109, 127, 128, 129, 130, 131, 146, 147, 167, 168, 169, 171, 190, 191, 192, 193, 194], "summary": {"covered_lines": 18, "num_statements": 18, "percent_covered": 100.0, "percent_covered_display": "100", "missing_lines": 0, "excluded_lines": 0}, "missing_lines": [], "excluded_lines": []}, "": {"executed_lines": [1, 28, 29, 30, 31, 35, 36, 39, 40, 41, 49, 50, 52, 74, 75, 106, 111, 133, 151, 173, 197], "summary": {"covered_lines": 18, "num_statements": 18, "percent_covered": 100.0, "percent_covered_display": "100", "missing_lines": 0, "excluded_lines": 1}, "missing_lines": [], "excluded_lines": [1]}}}, "src/core/download/__init__.py": {"executed_lines": [], "summary": {"covered_lines": 0, "num_statements": 0, "percent_covered": 100.0, "percent_covered_display": "100", "missing_lines": 0, "excluded_lines": 0}, "missing_lines": [], "excluded_lines": [], "functions": {"": {"executed_lines": [], "summary": {"covered_lines": 0, "num_statements": 0, "percent_covered": 100.0, "percent_covered_display": "100", "missing_lines": 0, "excluded_lines": 0}, "missing_lines": [], "excluded_lines": []}}, "classes": {"": {"executed_lines": [], "summary": {"covered_lines": 0, "num_statements": 0, "percent_covered": 100.0, "percent_covered_display": "100", "missing_lines": 0, "excluded_lines": 0}, "missing_lines": [], "excluded_lines": []}}}, "src/core/errors/__init__.py": {"executed_lines": [1, 10, 53], "summary": {"covered_lines": 2, "num_statements": 2, "percent_covered": 100.0, "percent_covered_display": "100", "missing_lines": 0, "excluded_lines": 0}, "missing_lines": [], "excluded_lines": [], "functions": {"": {"executed_lines": [1, 10, 53], "summary": {"covered_lines": 2, "num_statements": 2, "percent_covered": 100.0, "percent_covered_display": "100", "missing_lines": 0, "excluded_lines": 0}, "missing_lines": [], "excluded_lines": []}}, "classes": {"": {"executed_lines": [1, 10, 53], "summary": {"covered_lines": 2, "num_statements": 2, "percent_covered": 100.0, "percent_covered_display": "100", "missing_lines": 0, "excluded_lines": 0}, "missing_lines": [], "excluded_lines": []}}}, "src/core/errors/exceptions.py": {"executed_lines": [1, 8, 9, 12, 13, 16, 19, 22, 25, 28, 31, 32, 42, 44, 50, 51, 52, 53, 55, 56, 58, 64, 65, 67, 69, 70, 71, 72, 73, 81, 82, 84, 87, 88, 90, 98, 99, 101, 104, 105, 107, 110, 111, 113, 116, 117, 119, 126, 127, 130, 131, 133, 141, 142, 144, 147, 148, 150, 153, 154, 156, 159, 160, 162, 165, 166, 168, 176, 177, 179, 181, 187, 188, 189, 190, 198, 199, 201, 204, 205, 207, 210, 211, 213, 216, 217, 219, 222, 223, 225, 228, 229, 231, 234, 235, 237, 240, 241, 243, 246, 247, 249, 252, 253, 255, 258, 259, 261, 264, 265, 267, 275, 289, 306, 317, 318, 321, 322, 325, 336, 337, 340, 341, 344, 363, 364, 366, 367, 374, 384, 385, 388, 389, 391, 392, 394, 395, 397, 398, 400, 401, 403, 404, 406, 407, 412, 423, 424, 427, 428, 431, 443, 444, 447, 448, 451, 459, 460, 463, 464, 467, 468, 471, 472, 475, 476, 478, 481, 497, 498, 499, 500, 502, 503, 506, 507, 508, 509, 511, 512, 513, 514, 515, 516, 517, 518, 520, 521, 522, 523, 524, 525, 528], "summary": {"covered_lines": 165, "num_statements": 166, "percent_covered": 99.39759036144578, "percent_covered_display": "99", "missing_lines": 1, "excluded_lines": 0}, "missing_lines": [409], "excluded_lines": [], "functions": {"PipelineError.__init__": {"executed_lines": [50, 51, 52, 53], "summary": {"covered_lines": 4, "num_statements": 4, "percent_covered": 100.0, "percent_covered_display": "100", "missing_lines": 0, "excluded_lines": 0}, "missing_lines": [], "excluded_lines": []}, "PipelineError.is_retryable": {"executed_lines": [58], "summary": {"covered_lines": 1, "num_statements": 1, "percent_covered": 100.0, "percent_covered_display": "100", "missing_lines": 0, "excluded_lines": 0}, "missing_lines": [], "excluded_lines": []}, "PipelineError.should_refresh_auth": {"executed_lines": [67], "summary": {"covered_lines": 1, "num_statements": 1, "percent_covered": 100.0, "percent_covered_display": "100", "missing_lines": 0, "excluded_lines": 0}, "missing_lines": [], "excluded_lines": []}, "PipelineError.__str__": {"executed_lines": [70, 71, 72, 73], "summary": {"covered_lines": 4, "num_statements": 4, "percent_covered": 100.0, "percent_covered_display": "100", "missing_lines": 0, "excluded_lines": 0}, "missing_lines": [], "excluded_lines": []}, "ThrottlingError.__init__": {"executed_lines": [126, 127], "summary": {"covered_lines": 2, "num_statements": 2, "percent_covered": 100.0, "percent_covered_display": "100", "missing_lines": 0, "excluded_lines": 0}, "missing_lines": [], "excluded_lines": []}, "CircuitOpenError.__init__": {"executed_lines": [187, 188, 189, 190], "summary": {"covered_lines": 4, "num_statements": 4, "percent_covered": 100.0, "percent_covered_display": "100", "missing_lines": 0, "excluded_lines": 0}, "missing_lines": [], "excluded_lines": []}, "is_auth_error": {"executed_lines": [317, 318, 321, 322], "summary": {"covered_lines": 4, "num_statements": 4, "percent_covered": 100.0, "percent_covered_display": "100", "missing_lines": 0, "excluded_lines": 0}, "missing_lines": [], "excluded_lines": []}, "is_transient_error": {"executed_lines": [336, 337, 340, 341], "summary": {"covered_lines": 4, "num_statements": 4, "percent_covered": 100.0, "percent_covered_display": "100", "missing_lines": 0, "excluded_lines": 0}, "missing_lines": [], "excluded_lines": []}, "is_retryable_error": {"executed_lines": [363, 364, 366, 367], "summary": {"covered_lines": 4, "num_statements": 4, "percent_covered": 100.0, "percent_covered_display": "100", "missing_lines": 0, "excluded_lines": 0}, "missing_lines": [], "excluded_lines": []}, "classify_http_status": {"executed_lines": [384, 385, 388, 389, 391, 392, 394, 395, 397, 398, 400, 401, 403, 404, 406, 407], "summary": {"covered_lines": 16, "num_statements": 17, "percent_covered": 94.11764705882354, "percent_covered_display": "94", "missing_lines": 1, "excluded_lines": 0}, "missing_lines": [409], "excluded_lines": []}, "classify_exception": {"executed_lines": [423, 424, 427, 428, 431, 443, 444, 447, 448, 451, 459, 460, 463, 464, 467, 468, 471, 472, 475, 476, 478], "summary": {"covered_lines": 21, "num_statements": 21, "percent_covered": 100.0, "percent_covered_display": "100", "missing_lines": 0, "excluded_lines": 0}, "missing_lines": [], "excluded_lines": []}, "wrap_exception": {"executed_lines": [497, 498, 499, 500, 502, 503, 506, 507, 508, 509, 511, 512, 513, 514, 515, 516, 517, 518, 520, 521, 522, 523, 524, 525, 528], "summary": {"covered_lines": 25, "num_statements": 25, "percent_covered": 100.0, "percent_covered_display": "100", "missing_lines": 0, "excluded_lines": 0}, "missing_lines": [], "excluded_lines": []}, "": {"executed_lines": [1, 8, 9, 12, 13, 16, 19, 22, 25, 28, 31, 32, 42, 44, 55, 56, 64, 65, 69, 81, 82, 84, 87, 88, 90, 98, 99, 101, 104, 105, 107, 110, 111, 113, 116, 117, 119, 130, 131, 133, 141, 142, 144, 147, 148, 150, 153, 154, 156, 159, 160, 162, 165, 166, 168, 176, 177, 179, 181, 198, 199, 201, 204, 205, 207, 210, 211, 213, 216, 217, 219, 222, 223, 225, 228, 229, 231, 234, 235, 237, 240, 241, 243, 246, 247, 249, 252, 253, 255, 258, 259, 261, 264, 265, 267, 275, 289, 306, 325, 344, 374, 412, 481], "summary": {"covered_lines": 75, "num_statements": 75, "percent_covered": 100.0, "percent_covered_display": "100", "missing_lines": 0, "excluded_lines": 0}, "missing_lines": [], "excluded_lines": []}}, "classes": {"ErrorCategory": {"executed_lines": [], "summary": {"covered_lines": 0, "num_statements": 0, "percent_covered": 100.0, "percent_covered_display": "100", "missing_lines": 0, "excluded_lines": 0}, "missing_lines": [], "excluded_lines": []}, "PipelineError": {"executed_lines": [50, 51, 52, 53, 58, 67, 70, 71, 72, 73], "summary": {"covered_lines": 10, "num_statements": 10, "percent_covered": 100.0, "percent_covered_display": "100", "missing_lines": 0, "excluded_lines": 0}, "missing_lines": [], "excluded_lines": []}, "AuthError": {"executed_lines": [], "summary": {"covered_lines": 0, "num_statements": 0, "percent_covered": 100.0, "percent_covered_display": "100", "missing_lines": 0, "excluded_lines": 0}, "missing_lines": [], "excluded_lines": []}, "TokenExpiredError": {"executed_lines": [], "summary": {"covered_lines": 0, "num_statements": 0, "percent_covered": 100.0, "percent_covered_display": "100", "missing_lines": 0, "excluded_lines": 0}, "missing_lines": [], "excluded_lines": []}, "TransientError": {"executed_lines": [], "summary": {"covered_lines": 0, "num_statements": 0, "percent_covered": 100.0, "percent_covered_display": "100", "missing_lines": 0, "excluded_lines": 0}, "missing_lines": [], "excluded_lines": []}, "ConnectionError": {"executed_lines": [], "summary": {"covered_lines": 0, "num_statements": 0, "percent_covered": 100.0, "percent_covered_display": "100", "missing_lines": 0, "excluded_lines": 0}, "missing_lines": [], "excluded_lines": []}, "TimeoutError": {"executed_lines": [], "summary": {"covered_lines": 0, "num_statements": 0, "percent_covered": 100.0, "percent_covered_display": "100", "missing_lines": 0, "excluded_lines": 0}, "missing_lines": [], "excluded_lines": []}, "ThrottlingError": {"executed_lines": [126, 127], "summary": {"covered_lines": 2, "num_statements": 2, "percent_covered": 100.0, "percent_covered_display": "100", "missing_lines": 0, "excluded_lines": 0}, "missing_lines": [], "excluded_lines": []}, "ServiceUnavailableError": {"executed_lines": [], "summary": {"covered_lines": 0, "num_statements": 0, "percent_covered": 100.0, "percent_covered_display": "100", "missing_lines": 0, "excluded_lines": 0}, "missing_lines": [], "excluded_lines": []}, "PermanentError": {"executed_lines": [], "summary": {"covered_lines": 0, "num_statements": 0, "percent_covered": 100.0, "percent_covered_display": "100", "missing_lines": 0, "excluded_lines": 0}, "missing_lines": [], "excluded_lines": []}, "NotFoundError": {"executed_lines": [], "summary": {"covered_lines": 0, "num_statements": 0, "percent_covered": 100.0, "percent_covered_display": "100", "missing_lines": 0, "excluded_lines": 0}, "missing_lines": [], "excluded_lines": []}, "ForbiddenError": {"executed_lines": [], "summary": {"covered_lines": 0, "num_statements": 0, "percent_covered": 100.0, "percent_covered_display": "100", "missing_lines": 0, "excluded_lines": 0}, "missing_lines": [], "excluded_lines": []}, "ValidationError": {"executed_lines": [], "summary": {"covered_lines": 0, "num_statements": 0, "percent_covered": 100.0, "percent_covered_display": "100", "missing_lines": 0, "excluded_lines": 0}, "missing_lines": [], "excluded_lines": []}, "ConfigurationError": {"executed_lines": [], "summary": {"covered_lines": 0, "num_statements": 0, "percent_covered": 100.0, "percent_covered_display": "100", "missing_lines": 0, "excluded_lines": 0}, "missing_lines": [], "excluded_lines": []}, "CircuitOpenError": {"executed_lines": [187, 188, 189, 190], "summary": {"covered_lines": 4, "num_statements": 4, "percent_covered": 100.0, "percent_covered_display": "100", "missing_lines": 0, "excluded_lines": 0}, "missing_lines": [], "excluded_lines": []}, "KustoError": {"executed_lines": [], "summary": {"covered_lines": 0, "num_statements": 0, "percent_covered": 100.0, "percent_covered_display": "100", "missing_lines": 0, "excluded_lines": 0}, "missing_lines": [], "excluded_lines": []}, "KustoQueryError": {"executed_lines": [], "summary": {"covered_lines": 0, "num_statements": 0, "percent_covered": 100.0, "percent_covered_display": "100", "missing_lines": 0, "excluded_lines": 0}, "missing_lines": [], "excluded_lines": []}, "DeltaTableError": {"executed_lines": [], "summary": {"covered_lines": 0, "num_statements": 0, "percent_covered": 100.0, "percent_covered_display": "100", "missing_lines": 0, "excluded_lines": 0}, "missing_lines": [], "excluded_lines": []}, "OneLakeError": {"executed_lines": [], "summary": {"covered_lines": 0, "num_statements": 0, "percent_covered": 100.0, "percent_covered_display": "100", "missing_lines": 0, "excluded_lines": 0}, "missing_lines": [], "excluded_lines": []}, "DownloadError": {"executed_lines": [], "summary": {"covered_lines": 0, "num_statements": 0, "percent_covered": 100.0, "percent_covered_display": "100", "missing_lines": 0, "excluded_lines": 0}, "missing_lines": [], "excluded_lines": []}, "AttachmentAuthError": {"executed_lines": [], "summary": {"covered_lines": 0, "num_statements": 0, "percent_covered": 100.0, "percent_covered_display": "100", "missing_lines": 0, "excluded_lines": 0}, "missing_lines": [], "excluded_lines": []}, "AttachmentThrottlingError": {"executed_lines": [], "summary": {"covered_lines": 0, "num_statements": 0, "percent_covered": 100.0, "percent_covered_display": "100", "missing_lines": 0, "excluded_lines": 0}, "missing_lines": [], "excluded_lines": []}, "AttachmentServiceError": {"executed_lines": [], "summary": {"covered_lines": 0, "num_statements": 0, "percent_covered": 100.0, "percent_covered_display": "100", "missing_lines": 0, "excluded_lines": 0}, "missing_lines": [], "excluded_lines": []}, "AttachmentClientError": {"executed_lines": [], "summary": {"covered_lines": 0, "num_statements": 0, "percent_covered": 100.0, "percent_covered_display": "100", "missing_lines": 0, "excluded_lines": 0}, "missing_lines": [], "excluded_lines": []}, "AttachmentNotFoundError": {"executed_lines": [], "summary": {"covered_lines": 0, "num_statements": 0, "percent_covered": 100.0, "percent_covered_display": "100", "missing_lines": 0, "excluded_lines": 0}, "missing_lines": [], "excluded_lines": []}, "AttachmentForbiddenError": {"executed_lines": [], "summary": {"covered_lines": 0, "num_statements": 0, "percent_covered": 100.0, "percent_covered_display": "100", "missing_lines": 0, "excluded_lines": 0}, "missing_lines": [], "excluded_lines": []}, "AttachmentTokenExpiredError": {"executed_lines": [], "summary": {"covered_lines": 0, "num_statements": 0, "percent_covered": 100.0, "percent_covered_display": "100", "missing_lines": 0, "excluded_lines": 0}, "missing_lines": [], "excluded_lines": []}, "": {"executed_lines": [1, 8, 9, 12, 13, 16, 19, 22, 25, 28, 31, 32, 42, 44, 55, 56, 64, 65, 69, 81, 82, 84, 87, 88, 90, 98, 99, 101, 104, 105, 107, 110, 111, 113, 116, 117, 119, 130, 131, 133, 141, 142, 144, 147, 148, 150, 153, 154, 156, 159, 160, 162, 165, 166, 168, 176, 177, 179, 181, 198, 199, 201, 204, 205, 207, 210, 211, 213, 216, 217, 219, 222, 223, 225, 228, 229, 231, 234, 235, 237, 240, 241, 243, 246, 247, 249, 252, 253, 255, 258, 259, 261, 264, 265, 267, 275, 289, 306, 317, 318, 321, 322, 325, 336, 337, 340, 341, 344, 363, 364, 366, 367, 374, 384, 385, 388, 389, 391, 392, 394, 395, 397, 398, 400, 401, 403, 404, 406, 407, 412, 423, 424, 427, 428, 431, 443, 444, 447, 448, 451, 459, 460, 463, 464, 467, 468, 471, 472, 475, 476, 478, 481, 497, 498, 499, 500, 502, 503, 506, 507, 508, 509, 511, 512, 513, 514, 515, 516, 517, 518, 520, 521, 522, 523, 524, 525, 528], "summary": {"covered_lines": 149, "num_statements": 150, "percent_covered": 99.33333333333333, "percent_covered_display": "99", "missing_lines": 1, "excluded_lines": 0}, "missing_lines": [409], "excluded_lines": []}}}, "src/core/logging/__init__.py": {"executed_lines": [1, 7, 12, 19, 20, 26, 32, 34], "summary": {"covered_lines": 7, "num_statements": 7, "percent_covered": 100.0, "percent_covered_display": "100", "missing_lines": 0, "excluded_lines": 0}, "missing_lines": [], "excluded_lines": [], "functions": {"": {"executed_lines": [1, 7, 12, 19, 20, 26, 32, 34], "summary": {"covered_lines": 7, "num_statements": 7, "percent_covered": 100.0, "percent_covered_display": "100", "missing_lines": 0, "excluded_lines": 0}, "missing_lines": [], "excluded_lines": []}}, "classes": {"": {"executed_lines": [1, 7, 12, 19, 20, 26, 32, 34], "summary": {"covered_lines": 7, "num_statements": 7, "percent_covered": 100.0, "percent_covered_display": "100", "missing_lines": 0, "excluded_lines": 0}, "missing_lines": [], "excluded_lines": []}}}, "src/core/logging/context.py": {"executed_lines": [1, 3, 4, 7, 8, 9, 10, 13, 28, 29, 30, 31, 32, 33, 34, 35, 38, 45, 53, 55, 56, 57, 58], "summary": {"covered_lines": 22, "num_statements": 22, "percent_covered": 100.0, "percent_covered_display": "100", "missing_lines": 0, "excluded_lines": 0}, "missing_lines": [], "excluded_lines": [], "functions": {"set_log_context": {"executed_lines": [28, 29, 30, 31, 32, 33, 34, 35], "summary": {"covered_lines": 8, "num_statements": 8, "percent_covered": 100.0, "percent_covered_display": "100", "missing_lines": 0, "excluded_lines": 0}, "missing_lines": [], "excluded_lines": []}, "get_log_context": {"executed_lines": [45], "summary": {"covered_lines": 1, "num_statements": 1, "percent_covered": 100.0, "percent_covered_display": "100", "missing_lines": 0, "excluded_lines": 0}, "missing_lines": [], "excluded_lines": []}, "clear_log_context": {"executed_lines": [55, 56, 57, 58], "summary": {"covered_lines": 4, "num_statements": 4, "percent_covered": 100.0, "percent_covered_display": "100", "missing_lines": 0, "excluded_lines": 0}, "missing_lines": [], "excluded_lines": []}, "": {"executed_lines": [1, 3, 4, 7, 8, 9, 10, 13, 38, 53], "summary": {"covered_lines": 9, "num_statements": 9, "percent_covered": 100.0, "percent_covered_display": "100", "missing_lines": 0, "excluded_lines": 0}, "missing_lines": [], "excluded_lines": []}}, "classes": {"": {"executed_lines": [1, 3, 4, 7, 8, 9, 10, 13, 28, 29, 30, 31, 32, 33, 34, 35, 38, 45, 53, 55, 56, 57, 58], "summary": {"covered_lines": 22, "num_statements": 22, "percent_covered": 100.0, "percent_covered_display": "100", "missing_lines": 0, "excluded_lines": 0}, "missing_lines": [], "excluded_lines": []}}}, "src/core/logging/context_managers.py": {"executed_lines": [1, 3, 4, 5, 6, 8, 9, 12, 13, 22, 29, 35, 37, 38, 39, 40, 41, 42, 44, 46, 52, 55, 56, 65, 71, 72, 73, 74, 76, 77, 78, 79, 81, 83, 85, 86, 87, 88, 89, 92, 93, 113, 114, 116, 117, 118, 120, 121, 130, 131, 133, 142, 143, 145, 146, 148, 149, 150, 151, 152, 154, 155, 156, 157, 164, 166, 167, 170, 171, 172, 174, 175, 184, 192, 194, 196, 199, 200, 208, 211], "summary": {"covered_lines": 76, "num_statements": 76, "percent_covered": 100.0, "percent_covered_display": "100", "missing_lines": 0, "excluded_lines": 0}, "missing_lines": [], "excluded_lines": [], "functions": {"LogContext.__init__": {"executed_lines": [29, 35], "summary": {"covered_lines": 2, "num_statements": 2, "percent_covered": 100.0, "percent_covered_display": "100", "missing_lines": 0, "excluded_lines": 0}, "missing_lines": [], "excluded_lines": []}, "LogContext.__enter__": {"executed_lines": [38, 39, 40, 41, 42], "summary": {"covered_lines": 5, "num_statements": 5, "percent_covered": 100.0, "percent_covered_display": "100", "missing_lines": 0, "excluded_lines": 0}, "missing_lines": [], "excluded_lines": []}, "LogContext.__exit__": {"executed_lines": [46, 52], "summary": {"covered_lines": 2, "num_statements": 2, "percent_covered": 100.0, "percent_covered_display": "100", "missing_lines": 0, "excluded_lines": 0}, "missing_lines": [], "excluded_lines": []}, "StageLogContext.__init__": {"executed_lines": [71, 72, 73, 74], "summary": {"covered_lines": 4, "num_statements": 4, "percent_covered": 100.0, "percent_covered_display": "100", "missing_lines": 0, "excluded_lines": 0}, "missing_lines": [], "excluded_lines": []}, "StageLogContext.__enter__": {"executed_lines": [77, 78, 79], "summary": {"covered_lines": 3, "num_statements": 3, "percent_covered": 100.0, "percent_covered_display": "100", "missing_lines": 0, "excluded_lines": 0}, "missing_lines": [], "excluded_lines": []}, "StageLogContext.set_result": {"executed_lines": [83], "summary": {"covered_lines": 1, "num_statements": 1, "percent_covered": 100.0, "percent_covered_display": "100", "missing_lines": 0, "excluded_lines": 0}, "missing_lines": [], "excluded_lines": []}, "StageLogContext.__exit__": {"executed_lines": [86, 87, 88, 89], "summary": {"covered_lines": 4, "num_statements": 4, "percent_covered": 100.0, "percent_covered_display": "100", "missing_lines": 0, "excluded_lines": 0}, "missing_lines": [], "excluded_lines": []}, "log_phase": {"executed_lines": [113, 114, 116, 117, 118, 120, 121], "summary": {"covered_lines": 7, "num_statements": 7, "percent_covered": 100.0, "percent_covered_display": "100", "missing_lines": 0, "excluded_lines": 0}, "missing_lines": [], "excluded_lines": []}, "OperationContext.__init__": {"executed_lines": [142, 143, 145, 146, 148, 149, 150, 151, 152], "summary": {"covered_lines": 9, "num_statements": 9, "percent_covered": 100.0, "percent_covered_display": "100", "missing_lines": 0, "excluded_lines": 0}, "missing_lines": [], "excluded_lines": []}, "OperationContext.__enter__": {"executed_lines": [155, 156, 157, 164], "summary": {"covered_lines": 4, "num_statements": 4, "percent_covered": 100.0, "percent_covered_display": "100", "missing_lines": 0, "excluded_lines": 0}, "missing_lines": [], "excluded_lines": []}, "OperationContext.__exit__": {"executed_lines": [167, 170, 171, 172, 174, 175, 184, 192], "summary": {"covered_lines": 8, "num_statements": 8, "percent_covered": 100.0, "percent_covered_display": "100", "missing_lines": 0, "excluded_lines": 0}, "missing_lines": [], "excluded_lines": []}, "OperationContext.add_context": {"executed_lines": [196], "summary": {"covered_lines": 1, "num_statements": 1, "percent_covered": 100.0, "percent_covered_display": "100", "missing_lines": 0, "excluded_lines": 0}, "missing_lines": [], "excluded_lines": []}, "log_operation": {"executed_lines": [208, 211], "summary": {"covered_lines": 2, "num_statements": 2, "percent_covered": 100.0, "percent_covered_display": "100", "missing_lines": 0, "excluded_lines": 0}, "missing_lines": [], "excluded_lines": []}, "": {"executed_lines": [1, 3, 4, 5, 6, 8, 9, 12, 13, 22, 37, 44, 55, 56, 65, 76, 81, 85, 92, 93, 130, 131, 133, 154, 166, 194, 199, 200], "summary": {"covered_lines": 24, "num_statements": 24, "percent_covered": 100.0, "percent_covered_display": "100", "missing_lines": 0, "excluded_lines": 0}, "missing_lines": [], "excluded_lines": []}}, "classes": {"LogContext": {"executed_lines": [29, 35, 38, 39, 40, 41, 42, 46, 52], "summary": {"covered_lines": 9, "num_statements": 9, "percent_covered": 100.0, "percent_covered_display": "100", "missing_lines": 0, "excluded_lines": 0}, "missing_lines": [], "excluded_lines": []}, "StageLogContext": {"executed_lines": [71, 72, 73, 74, 77, 78, 79, 83, 86, 87, 88, 89], "summary": {"covered_lines": 12, "num_statements": 12, "percent_covered": 100.0, "percent_covered_display": "100", "missing_lines": 0, "excluded_lines": 0}, "missing_lines": [], "excluded_lines": []}, "OperationContext": {"executed_lines": [142, 143, 145, 146, 148, 149, 150, 151, 152, 155, 156, 157, 164, 167, 170, 171, 172, 174, 175, 184, 192, 196], "summary": {"covered_lines": 22, "num_statements": 22, "percent_covered": 100.0, "percent_covered_display": "100", "missing_lines": 0, "excluded_lines": 0}, "missing_lines": [], "excluded_lines": []}, "": {"executed_lines": [1, 3, 4, 5, 6, 8, 9, 12, 13, 22, 37, 44, 55, 56, 65, 76, 81, 85, 92, 93, 113, 114, 116, 117, 118, 120, 121, 130, 131, 133, 154, 166, 194, 199, 200, 208, 211], "summary": {"covered_lines": 33, "num_statements": 33, "percent_covered": 100.0, "percent_covered_display": "100", "missing_lines": 0, "excluded_lines": 0}, "missing_lines": [], "excluded_lines": []}}}, "src/core/logging/formatters.py": {"executed_lines": [1, 3, 4, 5, 6, 7, 9, 12, 13, 21, 81, 84, 89, 102, 104, 106, 107, 108, 110, 112, 121, 122, 123, 124, 125, 126, 127, 128, 129, 132, 133, 136, 137, 138, 139, 142, 143, 145, 148, 149, 155, 157, 160, 165, 166, 167, 168, 170, 173, 174, 175, 177], "summary": {"covered_lines": 49, "num_statements": 49, "percent_covered": 100.0, "percent_covered_display": "100", "missing_lines": 0, "excluded_lines": 0}, "missing_lines": [], "excluded_lines": [], "functions": {"JSONFormatter._sanitize_url": {"executed_lines": [102], "summary": {"covered_lines": 1, "num_statements": 1, "percent_covered": 100.0, "percent_covered_display": "100", "missing_lines": 0, "excluded_lines": 0}, "missing_lines": [], "excluded_lines": []}, "JSONFormatter._sanitize_value": {"executed_lines": [106, 107, 108], "summary": {"covered_lines": 3, "num_statements": 3, "percent_covered": 100.0, "percent_covered_display": "100", "missing_lines": 0, "excluded_lines": 0}, "missing_lines": [], "excluded_lines": []}, "JSONFormatter.format": {"executed_lines": [112, 121, 122, 123, 124, 125, 126, 127, 128, 129, 132, 133, 136, 137, 138, 139, 142, 143, 145], "summary": {"covered_lines": 19, "num_statements": 19, "percent_covered": 100.0, "percent_covered_display": "100", "missing_lines": 0, "excluded_lines": 0}, "missing_lines": [], "excluded_lines": []}, "ConsoleFormatter.format": {"executed_lines": [157, 160, 165, 166, 167, 168, 170, 173, 174, 175, 177], "summary": {"covered_lines": 11, "num_statements": 11, "percent_covered": 100.0, "percent_covered_display": "100", "missing_lines": 0, "excluded_lines": 0}, "missing_lines": [], "excluded_lines": []}, "": {"executed_lines": [1, 3, 4, 5, 6, 7, 9, 12, 13, 21, 81, 84, 89, 104, 110, 148, 149, 155], "summary": {"covered_lines": 15, "num_statements": 15, "percent_covered": 100.0, "percent_covered_display": "100", "missing_lines": 0, "excluded_lines": 0}, "missing_lines": [], "excluded_lines": []}}, "classes": {"JSONFormatter": {"executed_lines": [102, 106, 107, 108, 112, 121, 122, 123, 124, 125, 126, 127, 128, 129, 132, 133, 136, 137, 138, 139, 142, 143, 145], "summary": {"covered_lines": 23, "num_statements": 23, "percent_covered": 100.0, "percent_covered_display": "100", "missing_lines": 0, "excluded_lines": 0}, "missing_lines": [], "excluded_lines": []}, "ConsoleFormatter": {"executed_lines": [157, 160, 165, 166, 167, 168, 170, 173, 174, 175, 177], "summary": {"covered_lines": 11, "num_statements": 11, "percent_covered": 100.0, "percent_covered_display": "100", "missing_lines": 0, "excluded_lines": 0}, "missing_lines": [], "excluded_lines": []}, "": {"executed_lines": [1, 3, 4, 5, 6, 7, 9, 12, 13, 21, 81, 84, 89, 104, 110, 148, 149, 155], "summary": {"covered_lines": 15, "num_statements": 15, "percent_covered": 100.0, "percent_covered_display": "100", "missing_lines": 0, "excluded_lines": 0}, "missing_lines": [], "excluded_lines": []}}}, "src/core/logging/kafka_context.py": {"executed_lines": [1, 3, 4, 8, 9, 10, 11, 12, 15, 32, 33, 34, 35, 36, 37, 38, 39, 40, 41, 44, 51, 58, 59, 60, 62, 63, 64, 66, 69, 71, 72, 73, 74, 75, 78, 79, 88, 96, 103, 105, 107, 116, 117, 118, 120, 122, 124, 131], "summary": {"covered_lines": 46, "num_statements": 46, "percent_covered": 100.0, "percent_covered_display": "100", "missing_lines": 0, "excluded_lines": 0}, "missing_lines": [], "excluded_lines": [], "functions": {"set_kafka_context": {"executed_lines": [32, 33, 34, 35, 36, 37, 38, 39, 40, 41], "summary": {"covered_lines": 10, "num_statements": 10, "percent_covered": 100.0, "percent_covered_display": "100", "missing_lines": 0, "excluded_lines": 0}, "missing_lines": [], "excluded_lines": []}, "get_kafka_context": {"executed_lines": [51, 58, 59, 60, 62, 63, 64, 66], "summary": {"covered_lines": 8, "num_statements": 8, "percent_covered": 100.0, "percent_covered_display": "100", "missing_lines": 0, "excluded_lines": 0}, "missing_lines": [], "excluded_lines": []}, "clear_kafka_context": {"executed_lines": [71, 72, 73, 74, 75], "summary": {"covered_lines": 5, "num_statements": 5, "percent_covered": 100.0, "percent_covered_display": "100", "missing_lines": 0, "excluded_lines": 0}, "missing_lines": [], "excluded_lines": []}, "KafkaLogContext.__init__": {"executed_lines": [96, 103], "summary": {"covered_lines": 2, "num_statements": 2, "percent_covered": 100.0, "percent_covered_display": "100", "missing_lines": 0, "excluded_lines": 0}, "missing_lines": [], "excluded_lines": []}, "KafkaLogContext.__enter__": {"executed_lines": [107, 116, 117, 118, 120], "summary": {"covered_lines": 5, "num_statements": 5, "percent_covered": 100.0, "percent_covered_display": "100", "missing_lines": 0, "excluded_lines": 0}, "missing_lines": [], "excluded_lines": []}, "KafkaLogContext.__exit__": {"executed_lines": [124, 131], "summary": {"covered_lines": 2, "num_statements": 2, "percent_covered": 100.0, "percent_covered_display": "100", "missing_lines": 0, "excluded_lines": 0}, "missing_lines": [], "excluded_lines": []}, "": {"executed_lines": [1, 3, 4, 8, 9, 10, 11, 12, 15, 44, 69, 78, 79, 88, 105, 122], "summary": {"covered_lines": 14, "num_statements": 14, "percent_covered": 100.0, "percent_covered_display": "100", "missing_lines": 0, "excluded_lines": 0}, "missing_lines": [], "excluded_lines": []}}, "classes": {"KafkaLogContext": {"executed_lines": [96, 103, 107, 116, 117, 118, 120, 124, 131], "summary": {"covered_lines": 9, "num_statements": 9, "percent_covered": 100.0, "percent_covered_display": "100", "missing_lines": 0, "excluded_lines": 0}, "missing_lines": [], "excluded_lines": []}, "": {"executed_lines": [1, 3, 4, 8, 9, 10, 11, 12, 15, 32, 33, 34, 35, 36, 37, 38, 39, 40, 41, 44, 51, 58, 59, 60, 62, 63, 64, 66, 69, 71, 72, 73, 74, 75, 78, 79, 88, 105, 122], "summary": {"covered_lines": 37, "num_statements": 37, "percent_covered": 100.0, "percent_covered_display": "100", "missing_lines": 0, "excluded_lines": 0}, "missing_lines": [], "excluded_lines": []}}}, "src/core/logging/setup.py": {"executed_lines": [1, 3, 4, 5, 6, 7, 8, 9, 10, 12, 13, 16, 17, 18, 19, 20, 23, 32, 72, 177, 192], "summary": {"covered_lines": 20, "num_statements": 70, "percent_covered": 28.571428571428573, "percent_covered_display": "29", "missing_lines": 50, "excluded_lines": 0}, "missing_lines": [50, 51, 54, 55, 56, 57, 58, 59, 61, 64, 65, 67, 69, 108, 111, 112, 113, 114, 115, 116, 119, 122, 125, 126, 128, 131, 134, 140, 141, 144, 145, 148, 150, 151, 152, 155, 156, 159, 160, 161, 164, 165, 166, 168, 169, 174, 189, 201, 202, 203], "excluded_lines": [], "functions": {"get_log_file_path": {"executed_lines": [], "summary": {"covered_lines": 0, "num_statements": 13, "percent_covered": 0.0, "percent_covered_display": "0", "missing_lines": 13, "excluded_lines": 0}, "missing_lines": [50, 51, 54, 55, 56, 57, 58, 59, 61, 64, 65, 67, 69], "excluded_lines": []}, "setup_logging": {"executed_lines": [], "summary": {"covered_lines": 0, "num_statements": 33, "percent_covered": 0.0, "percent_covered_display": "0", "missing_lines": 33, "excluded_lines": 0}, "missing_lines": [108, 111, 112, 113, 114, 115, 116, 119, 122, 125, 126, 128, 131, 134, 140, 141, 144, 145, 148, 150, 151, 152, 155, 156, 159, 160, 161, 164, 165, 166, 168, 169, 174], "excluded_lines": []}, "get_logger": {"executed_lines": [], "summary": {"covered_lines": 0, "num_statements": 1, "percent_covered": 0.0, "percent_covered_display": "0", "missing_lines": 1, "excluded_lines": 0}, "missing_lines": [189], "excluded_lines": []}, "generate_cycle_id": {"executed_lines": [], "summary": {"covered_lines": 0, "num_statements": 3, "percent_covered": 0.0, "percent_covered_display": "0", "missing_lines": 3, "excluded_lines": 0}, "missing_lines": [201, 202, 203], "excluded_lines": []}, "": {"executed_lines": [1, 3, 4, 5, 6, 7, 8, 9, 10, 12, 13, 16, 17, 18, 19, 20, 23, 32, 72, 177, 192], "summary": {"covered_lines": 20, "num_statements": 20, "percent_covered": 100.0, "percent_covered_display": "100", "missing_lines": 0, "excluded_lines": 0}, "missing_lines": [], "excluded_lines": []}}, "classes": {"": {"executed_lines": [1, 3, 4, 5, 6, 7, 8, 9, 10, 12, 13, 16, 17, 18, 19, 20, 23, 32, 72, 177, 192], "summary": {"covered_lines": 20, "num_statements": 70, "percent_covered": 28.571428571428573, "percent_covered_display": "29", "missing_lines": 50, "excluded_lines": 0}, "missing_lines": [50, 51, 54, 55, 56, 57, 58, 59, 61, 64, 65, 67, 69, 108, 111, 112, 113, 114, 115, 116, 119, 122, 125, 126, 128, 131, 134, 140, 141, 144, 145, 148, 150, 151, 152, 155, 156, 159, 160, 161, 164, 165, 166, 168, 169, 174, 189, 201, 202, 203], "excluded_lines": []}}}, "src/core/logging/utilities.py": {"executed_lines": [1, 3, 4, 7, 30, 33, 62, 63, 69, 70, 72, 74, 75], "summary": {"covered_lines": 12, "num_statements": 17, "percent_covered": 70.58823529411765, "percent_covered_display": "71", "missing_lines": 5, "excluded_lines": 0}, "missing_lines": [64, 65, 66, 71, 77], "excluded_lines": [], "functions": {"log_with_context": {"executed_lines": [30], "summary": {"covered_lines": 1, "num_statements": 1, "percent_covered": 100.0, "percent_covered_display": "100", "missing_lines": 0, "excluded_lines": 0}, "missing_lines": [], "excluded_lines": []}, "log_exception": {"executed_lines": [62, 63, 69, 70, 72, 74, 75], "summary": {"covered_lines": 7, "num_statements": 12, "percent_covered": 58.333333333333336, "percent_covered_display": "58", "missing_lines": 5, "excluded_lines": 0}, "missing_lines": [64, 65, 66, 71, 77], "excluded_lines": []}, "": {"executed_lines": [1, 3, 4, 7, 33], "summary": {"covered_lines": 4, "num_statements": 4, "percent_covered": 100.0, "percent_covered_display": "100", "missing_lines": 0, "excluded_lines": 0}, "missing_lines": [], "excluded_lines": []}}, "classes": {"": {"executed_lines": [1, 3, 4, 7, 30, 33, 62, 63, 69, 70, 72, 74, 75], "summary": {"covered_lines": 12, "num_statements": 17, "percent_covered": 70.58823529411765, "percent_covered_display": "71", "missing_lines": 5, "excluded_lines": 0}, "missing_lines": [64, 65, 66, 71, 77], "excluded_lines": []}}}, "src/core/resilience/__init__.py": {"executed_lines": [1, 15, 29, 38], "summary": {"covered_lines": 3, "num_statements": 3, "percent_covered": 100.0, "percent_covered_display": "100", "missing_lines": 0, "excluded_lines": 0}, "missing_lines": [], "excluded_lines": [], "functions": {"": {"executed_lines": [1, 15, 29, 38], "summary": {"covered_lines": 3, "num_statements": 3, "percent_covered": 100.0, "percent_covered_display": "100", "missing_lines": 0, "excluded_lines": 0}, "missing_lines": [], "excluded_lines": []}}, "classes": {"": {"executed_lines": [1, 15, 29, 38], "summary": {"covered_lines": 3, "num_statements": 3, "percent_covered": 100.0, "percent_covered_display": "100", "missing_lines": 0, "excluded_lines": 0}, "missing_lines": [], "excluded_lines": []}}}, "src/core/resilience/circuit_breaker.py": {"executed_lines": [1, 30, 31, 32, 33, 34, 35, 36, 38, 40, 42, 45, 46, 48, 49, 50, 53, 54, 56, 57, 58, 59, 64, 65, 67, 71, 76, 77, 79, 84, 85, 86, 89, 92, 95, 98, 101, 105, 115, 122, 128, 140, 150, 158, 159, 160, 162, 163, 164, 165, 166, 167, 168, 169, 170, 173, 184, 185, 193, 194, 200, 208, 209, 210, 211, 212, 214, 215, 216, 217, 218, 220, 221, 224, 226, 227, 229, 230, 231, 233, 234, 236, 238, 239, 241, 243, 244, 246, 247, 248, 260, 263, 264, 266, 269, 270, 275, 278, 283, 290, 292, 293, 294, 295, 296, 304, 306, 308, 309, 312, 313, 314, 315, 318, 319, 329, 330, 331, 332, 336, 337, 338, 339, 343, 344, 345, 351, 352, 353, 354, 355, 363, 365, 367, 368, 371, 372, 377, 378, 379, 380, 381, 383, 386, 388, 390, 391, 394, 395, 401, 402, 410, 412, 414, 416, 423, 424, 425, 426, 436, 437, 440, 442, 444, 445, 448, 454, 459, 466, 472, 474, 476, 477, 479, 480, 483, 484, 485, 489, 491, 493, 494, 496, 510, 511, 513, 514, 515, 516, 519, 520, 521, 522, 523, 524, 525, 526, 527, 529, 543, 544, 546, 547, 548, 549, 552, 553, 554, 555, 556, 557, 558, 559, 560, 562, 564, 565, 566, 568, 570, 571, 572, 574, 576, 577, 578, 579, 580, 585, 587, 588, 589, 613, 614, 617, 635, 636, 637, 640, 644, 647, 675, 676, 677, 678, 679, 681, 683, 686], "summary": {"covered_lines": 241, "num_statements": 246, "percent_covered": 97.96747967479675, "percent_covered_display": "98", "missing_lines": 5, "excluded_lines": 10}, "missing_lines": [190, 279, 310, 487, 492], "excluded_lines": [1, 69, 70, 73, 74, 75, 81, 82, 83, 651], "functions": {"CircuitOpenError.__init__": {"executed_lines": [57, 58, 59], "summary": {"covered_lines": 3, "num_statements": 3, "percent_covered": 100.0, "percent_covered_display": "100", "missing_lines": 0, "excluded_lines": 0}, "missing_lines": [], "excluded_lines": []}, "MetricsCollector.increment_counter": {"executed_lines": [], "summary": {"covered_lines": 0, "num_statements": 0, "percent_covered": 100.0, "percent_covered_display": "100", "missing_lines": 0, "excluded_lines": 1}, "missing_lines": [], "excluded_lines": [69]}, "MetricsCollector.set_gauge": {"executed_lines": [], "summary": {"covered_lines": 0, "num_statements": 0, "percent_covered": 100.0, "percent_covered_display": "100", "missing_lines": 0, "excluded_lines": 1}, "missing_lines": [], "excluded_lines": [73]}, "ErrorClassifier.classify_error": {"executed_lines": [], "summary": {"covered_lines": 0, "num_statements": 0, "percent_covered": 100.0, "percent_covered_display": "100", "missing_lines": 0, "excluded_lines": 1}, "missing_lines": [], "excluded_lines": [81]}, "_default_classifier": {"executed_lines": [184, 185], "summary": {"covered_lines": 2, "num_statements": 3, "percent_covered": 66.66666666666667, "percent_covered_display": "67", "missing_lines": 1, "excluded_lines": 0}, "missing_lines": [190], "excluded_lines": []}, "CircuitBreaker.__init__": {"executed_lines": [208, 209, 210, 211, 212, 214, 215, 216, 217, 218, 220, 221, 224], "summary": {"covered_lines": 13, "num_statements": 13, "percent_covered": 100.0, "percent_covered_display": "100", "missing_lines": 0, "excluded_lines": 0}, "missing_lines": [], "excluded_lines": []}, "CircuitBreaker.state": {"executed_lines": [229, 230, 231], "summary": {"covered_lines": 3, "num_statements": 3, "percent_covered": 100.0, "percent_covered_display": "100", "missing_lines": 0, "excluded_lines": 0}, "missing_lines": [], "excluded_lines": []}, "CircuitBreaker.is_closed": {"executed_lines": [236], "summary": {"covered_lines": 1, "num_statements": 1, "percent_covered": 100.0, "percent_covered_display": "100", "missing_lines": 0, "excluded_lines": 0}, "missing_lines": [], "excluded_lines": []}, "CircuitBreaker.is_open": {"executed_lines": [241], "summary": {"covered_lines": 1, "num_statements": 1, "percent_covered": 100.0, "percent_covered_display": "100", "missing_lines": 0, "excluded_lines": 0}, "missing_lines": [], "excluded_lines": []}, "CircuitBreaker.stats": {"executed_lines": [246, 247, 248], "summary": {"covered_lines": 3, "num_statements": 3, "percent_covered": 100.0, "percent_covered_display": "100", "missing_lines": 0, "excluded_lines": 0}, "missing_lines": [], "excluded_lines": []}, "CircuitBreaker._should_count_failure": {"executed_lines": [263, 264, 266, 269, 270, 275, 278, 283], "summary": {"covered_lines": 8, "num_statements": 9, "percent_covered": 88.88888888888889, "percent_covered_display": "89", "missing_lines": 1, "excluded_lines": 0}, "missing_lines": [279], "excluded_lines": []}, "CircuitBreaker._check_state_transition": {"executed_lines": [292, 293, 294, 295, 296, 304], "summary": {"covered_lines": 6, "num_statements": 6, "percent_covered": 100.0, "percent_covered_display": "100", "missing_lines": 0, "excluded_lines": 0}, "missing_lines": [], "excluded_lines": []}, "CircuitBreaker._transition_to": {"executed_lines": [308, 309, 312, 313, 314, 315, 318, 319, 329, 330, 331, 332, 336, 337, 338, 339, 343, 344, 345, 351, 352, 353, 354, 355, 363], "summary": {"covered_lines": 25, "num_statements": 26, "percent_covered": 96.15384615384616, "percent_covered_display": "96", "missing_lines": 1, "excluded_lines": 0}, "missing_lines": [310], "excluded_lines": []}, "CircuitBreaker._record_success": {"executed_lines": [367, 368, 371, 372, 377, 378, 379, 380, 381, 383, 386], "summary": {"covered_lines": 11, "num_statements": 11, "percent_covered": 100.0, "percent_covered_display": "100", "missing_lines": 0, "excluded_lines": 0}, "missing_lines": [], "excluded_lines": []}, "CircuitBreaker._record_failure": {"executed_lines": [390, 391, 394, 395, 401, 402, 410, 412, 414, 416, 423, 424, 425, 426, 436, 437, 440], "summary": {"covered_lines": 17, "num_statements": 17, "percent_covered": 100.0, "percent_covered_display": "100", "missing_lines": 0, "excluded_lines": 0}, "missing_lines": [], "excluded_lines": []}, "CircuitBreaker._export_state_metric": {"executed_lines": [444, 445, 448, 454, 459, 466], "summary": {"covered_lines": 6, "num_statements": 6, "percent_covered": 100.0, "percent_covered_display": "100", "missing_lines": 0, "excluded_lines": 0}, "missing_lines": [], "excluded_lines": []}, "CircuitBreaker._can_execute": {"executed_lines": [474, 476, 477, 479, 480, 483, 484, 485], "summary": {"covered_lines": 8, "num_statements": 9, "percent_covered": 88.88888888888889, "percent_covered_display": "89", "missing_lines": 1, "excluded_lines": 0}, "missing_lines": [487], "excluded_lines": []}, "CircuitBreaker._get_retry_after": {"executed_lines": [491, 493, 494], "summary": {"covered_lines": 3, "num_statements": 4, "percent_covered": 75.0, "percent_covered_display": "75", "missing_lines": 1, "excluded_lines": 0}, "missing_lines": [492], "excluded_lines": []}, "CircuitBreaker.call": {"executed_lines": [510, 511, 513, 514, 515, 516, 519, 520, 521, 522, 523, 524, 525, 526, 527], "summary": {"covered_lines": 15, "num_statements": 15, "percent_covered": 100.0, "percent_covered_display": "100", "missing_lines": 0, "excluded_lines": 0}, "missing_lines": [], "excluded_lines": []}, "CircuitBreaker.call_async": {"executed_lines": [543, 544, 546, 547, 548, 549, 552, 553, 554, 555, 556, 557, 558, 559, 560], "summary": {"covered_lines": 15, "num_statements": 15, "percent_covered": 100.0, "percent_covered_display": "100", "missing_lines": 0, "excluded_lines": 0}, "missing_lines": [], "excluded_lines": []}, "CircuitBreaker.record_success": {"executed_lines": [564, 565, 566], "summary": {"covered_lines": 3, "num_statements": 3, "percent_covered": 100.0, "percent_covered_display": "100", "missing_lines": 0, "excluded_lines": 0}, "missing_lines": [], "excluded_lines": []}, "CircuitBreaker.record_failure": {"executed_lines": [570, 571, 572], "summary": {"covered_lines": 3, "num_statements": 3, "percent_covered": 100.0, "percent_covered_display": "100", "missing_lines": 0, "excluded_lines": 0}, "missing_lines": [], "excluded_lines": []}, "CircuitBreaker.reset": {"executed_lines": [576, 577, 578, 579, 580], "summary": {"covered_lines": 5, "num_statements": 5, "percent_covered": 100.0, "percent_covered_display": "100", "missing_lines": 0, "excluded_lines": 0}, "missing_lines": [], "excluded_lines": []}, "CircuitBreaker.get_diagnostics": {"executed_lines": [587, 588, 589], "summary": {"covered_lines": 3, "num_statements": 3, "percent_covered": 100.0, "percent_covered_display": "100", "missing_lines": 0, "excluded_lines": 0}, "missing_lines": [], "excluded_lines": []}, "get_circuit_breaker": {"executed_lines": [635, 636, 637, 640, 644], "summary": {"covered_lines": 5, "num_statements": 5, "percent_covered": 100.0, "percent_covered_display": "100", "missing_lines": 0, "excluded_lines": 0}, "missing_lines": [], "excluded_lines": []}, "circuit_protected": {"executed_lines": [675, 676, 683], "summary": {"covered_lines": 3, "num_statements": 3, "percent_covered": 100.0, "percent_covered_display": "100", "missing_lines": 0, "excluded_lines": 1}, "missing_lines": [], "excluded_lines": [651]}, "circuit_protected.decorator": {"executed_lines": [677, 681], "summary": {"covered_lines": 2, "num_statements": 2, "percent_covered": 100.0, "percent_covered_display": "100", "missing_lines": 0, "excluded_lines": 0}, "missing_lines": [], "excluded_lines": []}, "circuit_protected.decorator.wrapper": {"executed_lines": [678, 679], "summary": {"covered_lines": 2, "num_statements": 2, "percent_covered": 100.0, "percent_covered_display": "100", "missing_lines": 0, "excluded_lines": 0}, "missing_lines": [], "excluded_lines": []}, "": {"executed_lines": [1, 30, 31, 32, 33, 34, 35, 36, 38, 40, 42, 45, 46, 48, 49, 50, 53, 54, 56, 64, 65, 67, 71, 76, 77, 79, 84, 85, 86, 89, 92, 95, 98, 101, 105, 115, 122, 128, 140, 150, 158, 159, 160, 162, 163, 164, 165, 166, 167, 168, 169, 170, 173, 193, 194, 200, 226, 227, 233, 234, 238, 239, 243, 244, 260, 290, 306, 365, 388, 442, 472, 489, 496, 529, 562, 568, 574, 585, 613, 614, 617, 647, 686], "summary": {"covered_lines": 75, "num_statements": 75, "percent_covered": 100.0, "percent_covered_display": "100", "missing_lines": 0, "excluded_lines": 6}, "missing_lines": [], "excluded_lines": [1, 70, 74, 75, 82, 83]}}, "classes": {"CircuitState": {"executed_lines": [], "summary": {"covered_lines": 0, "num_statements": 0, "percent_covered": 100.0, "percent_covered_display": "100", "missing_lines": 0, "excluded_lines": 0}, "missing_lines": [], "excluded_lines": []}, "CircuitOpenError": {"executed_lines": [57, 58, 59], "summary": {"covered_lines": 3, "num_statements": 3, "percent_covered": 100.0, "percent_covered_display": "100", "missing_lines": 0, "excluded_lines": 0}, "missing_lines": [], "excluded_lines": []}, "MetricsCollector": {"executed_lines": [], "summary": {"covered_lines": 0, "num_statements": 0, "percent_covered": 100.0, "percent_covered_display": "100", "missing_lines": 0, "excluded_lines": 2}, "missing_lines": [], "excluded_lines": [69, 73]}, "ErrorClassifier": {"executed_lines": [], "summary": {"covered_lines": 0, "num_statements": 0, "percent_covered": 100.0, "percent_covered_display": "100", "missing_lines": 0, "excluded_lines": 1}, "missing_lines": [], "excluded_lines": [81]}, "CircuitBreakerConfig": {"executed_lines": [], "summary": {"covered_lines": 0, "num_statements": 0, "percent_covered": 100.0, "percent_covered_display": "100", "missing_lines": 0, "excluded_lines": 0}, "missing_lines": [], "excluded_lines": []}, "CircuitStats": {"executed_lines": [], "summary": {"covered_lines": 0, "num_statements": 0, "percent_covered": 100.0, "percent_covered_display": "100", "missing_lines": 0, "excluded_lines": 0}, "missing_lines": [], "excluded_lines": []}, "CircuitBreaker": {"executed_lines": [208, 209, 210, 211, 212, 214, 215, 216, 217, 218, 220, 221, 224, 229, 230, 231, 236, 241, 246, 247, 248, 263, 264, 266, 269, 270, 275, 278, 283, 292, 293, 294, 295, 296, 304, 308, 309, 312, 313, 314, 315, 318, 319, 329, 330, 331, 332, 336, 337, 338, 339, 343, 344, 345, 351, 352, 353, 354, 355, 363, 367, 368, 371, 372, 377, 378, 379, 380, 381, 383, 386, 390, 391, 394, 395, 401, 402, 410, 412, 414, 416, 423, 424, 425, 426, 436, 437, 440, 444, 445, 448, 454, 459, 466, 474, 476, 477, 479, 480, 483, 484, 485, 491, 493, 494, 510, 511, 513, 514, 515, 516, 519, 520, 521, 522, 523, 524, 525, 526, 527, 543, 544, 546, 547, 548, 549, 552, 553, 554, 555, 556, 557, 558, 559, 560, 564, 565, 566, 570, 571, 572, 576, 577, 578, 579, 580, 587, 588, 589], "summary": {"covered_lines": 149, "num_statements": 153, "percent_covered": 97.38562091503267, "percent_covered_display": "97", "missing_lines": 4, "excluded_lines": 0}, "missing_lines": [279, 310, 487, 492], "excluded_lines": []}, "": {"executed_lines": [1, 30, 31, 32, 33, 34, 35, 36, 38, 40, 42, 45, 46, 48, 49, 50, 53, 54, 56, 64, 65, 67, 71, 76, 77, 79, 84, 85, 86, 89, 92, 95, 98, 101, 105, 115, 122, 128, 140, 150, 158, 159, 160, 162, 163, 164, 165, 166, 167, 168, 169, 170, 173, 184, 185, 193, 194, 200, 226, 227, 233, 234, 238, 239, 243, 244, 260, 290, 306, 365, 388, 442, 472, 489, 496, 529, 562, 568, 574, 585, 613, 614, 617, 635, 636, 637, 640, 644, 647, 675, 676, 677, 678, 679, 681, 683, 686], "summary": {"covered_lines": 89, "num_statements": 90, "percent_covered": 98.88888888888889, "percent_covered_display": "99", "missing_lines": 1, "excluded_lines": 7}, "missing_lines": [190], "excluded_lines": [1, 70, 74, 75, 82, 83, 651]}}}, "src/core/resilience/retry.py": {"executed_lines": [1, 11, 12, 13, 14, 15, 16, 19, 21, 24, 25, 26, 28, 29, 30, 31, 34, 37, 40, 43, 45, 47, 48, 49, 50, 51, 56, 62, 77, 80, 81, 82, 85, 89, 90, 93, 95, 107, 113, 114, 117, 118, 121, 122, 125, 126, 127, 128, 131, 132, 135, 143, 144, 147, 148, 149, 151, 152, 153, 154, 156, 157, 159, 162, 163, 164, 173, 174, 176, 178, 179, 180, 181, 183, 190, 191, 193, 194, 196, 203, 204, 206, 207, 208, 210, 213, 217, 219, 220, 228, 229, 231, 239, 241, 242, 243, 244, 247, 272, 279, 280, 282, 283, 284, 285, 287, 288, 289, 292, 293, 304, 306, 307, 310, 311, 313, 316, 317, 323, 324, 329, 333, 341, 342, 345, 346, 347, 351, 363, 375, 378, 381, 387, 397, 398, 399, 400, 404, 405, 407, 414, 415, 416, 417, 418, 428, 434, 436, 439], "summary": {"covered_lines": 145, "num_statements": 150, "percent_covered": 96.66666666666667, "percent_covered_display": "97", "missing_lines": 5, "excluded_lines": 1}, "missing_lines": [133, 214, 215, 431, 432], "excluded_lines": [253], "functions": {"RetryConfig.__post_init__": {"executed_lines": [47, 48, 49, 50, 51, 56], "summary": {"covered_lines": 6, "num_statements": 6, "percent_covered": 100.0, "percent_covered_display": "100", "missing_lines": 0, "excluded_lines": 0}, "missing_lines": [], "excluded_lines": []}, "RetryConfig.get_delay": {"executed_lines": [77, 80, 81, 82, 85, 89, 90, 93], "summary": {"covered_lines": 8, "num_statements": 8, "percent_covered": 100.0, "percent_covered_display": "100", "missing_lines": 0, "excluded_lines": 0}, "missing_lines": [], "excluded_lines": []}, "RetryConfig.should_retry": {"executed_lines": [107, 113, 114, 117, 118, 121, 122, 125, 126, 127, 128, 131, 132, 135], "summary": {"covered_lines": 14, "num_statements": 15, "percent_covered": 93.33333333333333, "percent_covered_display": "93", "missing_lines": 1, "excluded_lines": 0}, "missing_lines": [133], "excluded_lines": []}, "RetryStats.retried": {"executed_lines": [159], "summary": {"covered_lines": 1, "num_statements": 1, "percent_covered": 100.0, "percent_covered_display": "100", "missing_lines": 0, "excluded_lines": 0}, "missing_lines": [], "excluded_lines": []}, "RetryBudget.__post_init__": {"executed_lines": [178, 179, 180, 181], "summary": {"covered_lines": 4, "num_statements": 4, "percent_covered": 100.0, "percent_covered_display": "100", "missing_lines": 0, "excluded_lines": 0}, "missing_lines": [], "excluded_lines": []}, "RetryBudget.can_retry": {"executed_lines": [190, 191, 193, 194], "summary": {"covered_lines": 4, "num_statements": 4, "percent_covered": 100.0, "percent_covered_display": "100", "missing_lines": 0, "excluded_lines": 0}, "missing_lines": [], "excluded_lines": []}, "RetryBudget.record_request": {"executed_lines": [203, 204, 206, 207, 208, 210, 213], "summary": {"covered_lines": 7, "num_statements": 9, "percent_covered": 77.77777777777777, "percent_covered_display": "78", "missing_lines": 2, "excluded_lines": 0}, "missing_lines": [214, 215], "excluded_lines": []}, "RetryBudget.get_stats": {"executed_lines": [219, 220, 228, 229, 231], "summary": {"covered_lines": 5, "num_statements": 5, "percent_covered": 100.0, "percent_covered_display": "100", "missing_lines": 0, "excluded_lines": 0}, "missing_lines": [], "excluded_lines": []}, "RetryBudget.reset": {"executed_lines": [241, 242, 243, 244], "summary": {"covered_lines": 4, "num_statements": 4, "percent_covered": 100.0, "percent_covered_display": "100", "missing_lines": 0, "excluded_lines": 0}, "missing_lines": [], "excluded_lines": []}, "with_retry": {"executed_lines": [272, 279, 280, 282, 283, 436], "summary": {"covered_lines": 6, "num_statements": 6, "percent_covered": 100.0, "percent_covered_display": "100", "missing_lines": 0, "excluded_lines": 1}, "missing_lines": [], "excluded_lines": [253]}, "with_retry.decorator": {"executed_lines": [284, 434], "summary": {"covered_lines": 2, "num_statements": 2, "percent_covered": 100.0, "percent_covered_display": "100", "missing_lines": 0, "excluded_lines": 0}, "missing_lines": [], "excluded_lines": []}, "with_retry.decorator.wrapper": {"executed_lines": [285, 287, 288, 289, 292, 293, 304, 306, 307, 310, 311, 313, 316, 317, 323, 324, 329, 333, 341, 342, 345, 346, 347, 351, 363, 375, 378, 381, 387, 397, 398, 399, 400, 404, 405, 407, 414, 415, 416, 417, 418, 428], "summary": {"covered_lines": 42, "num_statements": 44, "percent_covered": 95.45454545454545, "percent_covered_display": "95", "missing_lines": 2, "excluded_lines": 0}, "missing_lines": [431, 432], "excluded_lines": []}, "": {"executed_lines": [1, 11, 12, 13, 14, 15, 16, 19, 21, 24, 25, 26, 28, 29, 30, 31, 34, 37, 40, 43, 45, 62, 95, 143, 144, 147, 148, 149, 151, 152, 153, 154, 156, 157, 162, 163, 164, 173, 174, 176, 183, 196, 217, 239, 247, 439], "summary": {"covered_lines": 42, "num_statements": 42, "percent_covered": 100.0, "percent_covered_display": "100", "missing_lines": 0, "excluded_lines": 0}, "missing_lines": [], "excluded_lines": []}}, "classes": {"RetryConfig": {"executed_lines": [47, 48, 49, 50, 51, 56, 77, 80, 81, 82, 85, 89, 90, 93, 107, 113, 114, 117, 118, 121, 122, 125, 126, 127, 128, 131, 132, 135], "summary": {"covered_lines": 28, "num_statements": 29, "percent_covered": 96.55172413793103, "percent_covered_display": "97", "missing_lines": 1, "excluded_lines": 0}, "missing_lines": [133], "excluded_lines": []}, "RetryStats": {"executed_lines": [159], "summary": {"covered_lines": 1, "num_statements": 1, "percent_covered": 100.0, "percent_covered_display": "100", "missing_lines": 0, "excluded_lines": 0}, "missing_lines": [], "excluded_lines": []}, "RetryBudget": {"executed_lines": [178, 179, 180, 181, 190, 191, 193, 194, 203, 204, 206, 207, 208, 210, 213, 219, 220, 228, 229, 231, 241, 242, 243, 244], "summary": {"covered_lines": 24, "num_statements": 26, "percent_covered": 92.3076923076923, "percent_covered_display": "92", "missing_lines": 2, "excluded_lines": 0}, "missing_lines": [214, 215], "excluded_lines": []}, "": {"executed_lines": [1, 11, 12, 13, 14, 15, 16, 19, 21, 24, 25, 26, 28, 29, 30, 31, 34, 37, 40, 43, 45, 62, 95, 143, 144, 147, 148, 149, 151, 152, 153, 154, 156, 157, 162, 163, 164, 173, 174, 176, 183, 196, 217, 239, 247, 272, 279, 280, 282, 283, 284, 285, 287, 288, 289, 292, 293, 304, 306, 307, 310, 311, 313, 316, 317, 323, 324, 329, 333, 341, 342, 345, 346, 347, 351, 363, 375, 378, 381, 387, 397, 398, 399, 400, 404, 405, 407, 414, 415, 416, 417, 418, 428, 434, 436, 439], "summary": {"covered_lines": 92, "num_statements": 94, "percent_covered": 97.87234042553192, "percent_covered_display": "98", "missing_lines": 2, "excluded_lines": 1}, "missing_lines": [431, 432], "excluded_lines": [253]}}}, "src/core/security/__init__.py": {"executed_lines": [], "summary": {"covered_lines": 0, "num_statements": 0, "percent_covered": 100.0, "percent_covered_display": "100", "missing_lines": 0, "excluded_lines": 0}, "missing_lines": [], "excluded_lines": [], "functions": {"": {"executed_lines": [], "summary": {"covered_lines": 0, "num_statements": 0, "percent_covered": 100.0, "percent_covered_display": "100", "missing_lines": 0, "excluded_lines": 0}, "missing_lines": [], "excluded_lines": []}}, "classes": {"": {"executed_lines": [], "summary": {"covered_lines": 0, "num_statements": 0, "percent_covered": 100.0, "percent_covered_display": "100", "missing_lines": 0, "excluded_lines": 0}, "missing_lines": [], "excluded_lines": []}}}, "src/core/types.py": {"executed_lines": [1, 8, 9, 12, 13, 30, 31, 32, 33, 34, 37, 38, 45, 57, 70, 71, 77, 92, 102], "summary": {"covered_lines": 15, "num_statements": 15, "percent_covered": 100.0, "percent_covered_display": "100", "missing_lines": 0, "excluded_lines": 10}, "missing_lines": [], "excluded_lines": [55, 56, 67, 68, 69, 90, 91, 99, 100, 101], "functions": {"ErrorClassifier.classify_error": {"executed_lines": [], "summary": {"covered_lines": 0, "num_statements": 0, "percent_covered": 100.0, "percent_covered_display": "100", "missing_lines": 0, "excluded_lines": 1}, "missing_lines": [], "excluded_lines": [55]}, "ErrorClassifier.is_transient": {"executed_lines": [], "summary": {"covered_lines": 0, "num_statements": 0, "percent_covered": 100.0, "percent_covered_display": "100", "missing_lines": 0, "excluded_lines": 1}, "missing_lines": [], "excluded_lines": [67]}, "TokenProvider.get_token": {"executed_lines": [], "summary": {"covered_lines": 0, "num_statements": 0, "percent_covered": 100.0, "percent_covered_display": "100", "missing_lines": 0, "excluded_lines": 1}, "missing_lines": [], "excluded_lines": [90]}, "TokenProvider.refresh_token": {"executed_lines": [], "summary": {"covered_lines": 0, "num_statements": 0, "percent_covered": 100.0, "percent_covered_display": "100", "missing_lines": 0, "excluded_lines": 1}, "missing_lines": [], "excluded_lines": [99]}, "": {"executed_lines": [1, 8, 9, 12, 13, 30, 31, 32, 33, 34, 37, 38, 45, 57, 70, 71, 77, 92, 102], "summary": {"covered_lines": 15, "num_statements": 15, "percent_covered": 100.0, "percent_covered_display": "100", "missing_lines": 0, "excluded_lines": 6}, "missing_lines": [], "excluded_lines": [56, 68, 69, 91, 100, 101]}}, "classes": {"ErrorCategory": {"executed_lines": [], "summary": {"covered_lines": 0, "num_statements": 0, "percent_covered": 100.0, "percent_covered_display": "100", "missing_lines": 0, "excluded_lines": 0}, "missing_lines": [], "excluded_lines": []}, "ErrorClassifier": {"executed_lines": [], "summary": {"covered_lines": 0, "num_statements": 0, "percent_covered": 100.0, "percent_covered_display": "100", "missing_lines": 0, "excluded_lines": 2}, "missing_lines": [], "excluded_lines": [55, 67]}, "TokenProvider": {"executed_lines": [], "summary": {"covered_lines": 0, "num_statements": 0, "percent_covered": 100.0, "percent_covered_display": "100", "missing_lines": 0, "excluded_lines": 2}, "missing_lines": [], "excluded_lines": [90, 99]}, "": {"executed_lines": [1, 8, 9, 12, 13, 30, 31, 32, 33, 34, 37, 38, 45, 57, 70, 71, 77, 92, 102], "summary": {"covered_lines": 15, "num_statements": 15, "percent_covered": 100.0, "percent_covered_display": "100", "missing_lines": 0, "excluded_lines": 6}, "missing_lines": [], "excluded_lines": [56, 68, 69, 91, 100, 101]}}}}, "totals": {"covered_lines": 1075, "num_statements": 1153, "percent_covered": 93.23503902862099, "percent_covered_display": "93", "missing_lines": 78, "excluded_lines": 22}}